<?xml version="1.0" encoding="UTF-8"?>
<testsuite xmlns:xsi="http://www.w3.org/2001/XMLSchema-instance" xsi:noNamespaceSchemaLocation="https://maven.apache.org/surefire/maven-surefire-plugin/xsd/surefire-test-report-3.0.xsd" version="3.0" name="cucumber.Options.TestRunner" time="3.246" tests="3" errors="0" skipped="0" failures="0">
  <properties>
    <property name="java.specification.version" value="23"/>
    <property name="sun.jnu.encoding" value="UTF-8"/>
    <property name="java.class.path" value="/Users/avishkainduwara/Downloads/APIFramework/target/test-classes:/Users/avishkainduwara/Downloads/APIFramework/target/classes:/Users/avishkainduwara/.m2/repository/io/rest-assured/rest-assured/5.4.0/rest-assured-5.4.0.jar:/Users/avishkainduwara/.m2/repository/org/apache/groovy/groovy/4.0.16/groovy-4.0.16.jar:/Users/avishkainduwara/.m2/repository/org/apache/groovy/groovy-xml/4.0.16/groovy-xml-4.0.16.jar:/Users/avishkainduwara/.m2/repository/org/apache/httpcomponents/httpclient/4.5.13/httpclient-4.5.13.jar:/Users/avishkainduwara/.m2/repository/org/apache/httpcomponents/httpcore/4.4.13/httpcore-4.4.13.jar:/Users/avishkainduwara/.m2/repository/commons-logging/commons-logging/1.2/commons-logging-1.2.jar:/Users/avishkainduwara/.m2/repository/commons-codec/commons-codec/1.11/commons-codec-1.11.jar:/Users/avishkainduwara/.m2/repository/org/apache/httpcomponents/httpmime/4.5.13/httpmime-4.5.13.jar:/Users/avishkainduwara/.m2/repository/org/hamcrest/hamcrest/2.2/hamcrest-2.2.jar:/Users/avishkainduwara/.m2/repository/org/ccil/cowan/tagsoup/tagsoup/1.2.1/tagsoup-1.2.1.jar:/Users/avishkainduwara/.m2/repository/io/rest-assured/json-path/5.4.0/json-path-5.4.0.jar:/Users/avishkainduwara/.m2/repository/org/apache/groovy/groovy-json/4.0.16/groovy-json-4.0.16.jar:/Users/avishkainduwara/.m2/repository/io/rest-assured/rest-assured-common/5.4.0/rest-assured-common-5.4.0.jar:/Users/avishkainduwara/.m2/repository/io/rest-assured/xml-path/5.4.0/xml-path-5.4.0.jar:/Users/avishkainduwara/.m2/repository/org/apache/commons/commons-lang3/3.11/commons-lang3-3.11.jar:/Users/avishkainduwara/.m2/repository/io/cucumber/cucumber-java/7.16.1/cucumber-java-7.16.1.jar:/Users/avishkainduwara/.m2/repository/io/cucumber/cucumber-core/7.16.1/cucumber-core-7.16.1.jar:/Users/avishkainduwara/.m2/repository/io/cucumber/cucumber-gherkin/7.16.1/cucumber-gherkin-7.16.1.jar:/Users/avishkainduwara/.m2/repository/io/cucumber/cucumber-gherkin-messages/7.16.1/cucumber-gherkin-messages-7.16.1.jar:/Users/avishkainduwara/.m2/repository/io/cucumber/gherkin/28.0.0/gherkin-28.0.0.jar:/Users/avishkainduwara/.m2/repository/io/cucumber/messages/24.1.0/messages-24.1.0.jar:/Users/avishkainduwara/.m2/repository/io/cucumber/tag-expressions/6.1.0/tag-expressions-6.1.0.jar:/Users/avishkainduwara/.m2/repository/io/cucumber/cucumber-expressions/17.1.0/cucumber-expressions-17.1.0.jar:/Users/avishkainduwara/.m2/repository/io/cucumber/datatable/7.16.1/datatable-7.16.1.jar:/Users/avishkainduwara/.m2/repository/io/cucumber/cucumber-plugin/7.16.1/cucumber-plugin-7.16.1.jar:/Users/avishkainduwara/.m2/repository/io/cucumber/docstring/7.16.1/docstring-7.16.1.jar:/Users/avishkainduwara/.m2/repository/io/cucumber/html-formatter/21.3.0/html-formatter-21.3.0.jar:/Users/avishkainduwara/.m2/repository/io/cucumber/junit-xml-formatter/0.3.0/junit-xml-formatter-0.3.0.jar:/Users/avishkainduwara/.m2/repository/io/cucumber/ci-environment/10.0.1/ci-environment-10.0.1.jar:/Users/avishkainduwara/.m2/repository/org/apiguardian/apiguardian-api/1.1.2/apiguardian-api-1.1.2.jar:/Users/avishkainduwara/.m2/repository/io/cucumber/cucumber-junit/7.16.1/cucumber-junit-7.16.1.jar:/Users/avishkainduwara/.m2/repository/junit/junit/4.13.2/junit-4.13.2.jar:/Users/avishkainduwara/.m2/repository/org/hamcrest/hamcrest-core/1.3/hamcrest-core-1.3.jar:/Users/avishkainduwara/.m2/repository/com/fasterxml/jackson/core/jackson-databind/2.17.0/jackson-databind-2.17.0.jar:/Users/avishkainduwara/.m2/repository/com/fasterxml/jackson/core/jackson-annotations/2.17.0/jackson-annotations-2.17.0.jar:/Users/avishkainduwara/.m2/repository/com/fasterxml/jackson/core/jackson-core/2.17.0/jackson-core-2.17.0.jar:/Users/avishkainduwara/.m2/repository/net/bytebuddy/byte-buddy/1.14.9/byte-buddy-1.14.9.jar:/Users/avishkainduwara/.m2/repository/org/codehaus/groovy/groovy/3.0.21/groovy-3.0.21.jar:"/>
    <property name="java.vm.vendor" value="Homebrew"/>
    <property name="sun.arch.data.model" value="64"/>
    <property name="java.vendor.url" value="https://github.com/Homebrew/homebrew-core/issues"/>
    <property name="os.name" value="Mac OS X"/>
    <property name="java.vm.specification.version" value="23"/>
    <property name="sun.java.launcher" value="SUN_STANDARD"/>
    <property name="user.country" value="LK"/>
    <property name="sun.boot.library.path" value="/opt/homebrew/Cellar/openjdk/23/libexec/openjdk.jdk/Contents/Home/lib"/>
    <property name="sun.java.command" value="/Users/avishkainduwara/Downloads/APIFramework/target/surefire/surefirebooter-20240925044421451_3.jar /Users/avishkainduwara/Downloads/APIFramework/target/surefire 2024-09-25T04-44-21_394-jvmRun1 surefire-20240925044421451_1tmp surefire_0-20240925044421451_2tmp"/>
    <property name="http.nonProxyHosts" value="local|*.local|169.254/16|*.169.254/16"/>
    <property name="jdk.debug" value="release"/>
    <property name="surefire.test.class.path" value="/Users/avishkainduwara/Downloads/APIFramework/target/test-classes:/Users/avishkainduwara/Downloads/APIFramework/target/classes:/Users/avishkainduwara/.m2/repository/io/rest-assured/rest-assured/5.4.0/rest-assured-5.4.0.jar:/Users/avishkainduwara/.m2/repository/org/apache/groovy/groovy/4.0.16/groovy-4.0.16.jar:/Users/avishkainduwara/.m2/repository/org/apache/groovy/groovy-xml/4.0.16/groovy-xml-4.0.16.jar:/Users/avishkainduwara/.m2/repository/org/apache/httpcomponents/httpclient/4.5.13/httpclient-4.5.13.jar:/Users/avishkainduwara/.m2/repository/org/apache/httpcomponents/httpcore/4.4.13/httpcore-4.4.13.jar:/Users/avishkainduwara/.m2/repository/commons-logging/commons-logging/1.2/commons-logging-1.2.jar:/Users/avishkainduwara/.m2/repository/commons-codec/commons-codec/1.11/commons-codec-1.11.jar:/Users/avishkainduwara/.m2/repository/org/apache/httpcomponents/httpmime/4.5.13/httpmime-4.5.13.jar:/Users/avishkainduwara/.m2/repository/org/hamcrest/hamcrest/2.2/hamcrest-2.2.jar:/Users/avishkainduwara/.m2/repository/org/ccil/cowan/tagsoup/tagsoup/1.2.1/tagsoup-1.2.1.jar:/Users/avishkainduwara/.m2/repository/io/rest-assured/json-path/5.4.0/json-path-5.4.0.jar:/Users/avishkainduwara/.m2/repository/org/apache/groovy/groovy-json/4.0.16/groovy-json-4.0.16.jar:/Users/avishkainduwara/.m2/repository/io/rest-assured/rest-assured-common/5.4.0/rest-assured-common-5.4.0.jar:/Users/avishkainduwara/.m2/repository/io/rest-assured/xml-path/5.4.0/xml-path-5.4.0.jar:/Users/avishkainduwara/.m2/repository/org/apache/commons/commons-lang3/3.11/commons-lang3-3.11.jar:/Users/avishkainduwara/.m2/repository/io/cucumber/cucumber-java/7.16.1/cucumber-java-7.16.1.jar:/Users/avishkainduwara/.m2/repository/io/cucumber/cucumber-core/7.16.1/cucumber-core-7.16.1.jar:/Users/avishkainduwara/.m2/repository/io/cucumber/cucumber-gherkin/7.16.1/cucumber-gherkin-7.16.1.jar:/Users/avishkainduwara/.m2/repository/io/cucumber/cucumber-gherkin-messages/7.16.1/cucumber-gherkin-messages-7.16.1.jar:/Users/avishkainduwara/.m2/repository/io/cucumber/gherkin/28.0.0/gherkin-28.0.0.jar:/Users/avishkainduwara/.m2/repository/io/cucumber/messages/24.1.0/messages-24.1.0.jar:/Users/avishkainduwara/.m2/repository/io/cucumber/tag-expressions/6.1.0/tag-expressions-6.1.0.jar:/Users/avishkainduwara/.m2/repository/io/cucumber/cucumber-expressions/17.1.0/cucumber-expressions-17.1.0.jar:/Users/avishkainduwara/.m2/repository/io/cucumber/datatable/7.16.1/datatable-7.16.1.jar:/Users/avishkainduwara/.m2/repository/io/cucumber/cucumber-plugin/7.16.1/cucumber-plugin-7.16.1.jar:/Users/avishkainduwara/.m2/repository/io/cucumber/docstring/7.16.1/docstring-7.16.1.jar:/Users/avishkainduwara/.m2/repository/io/cucumber/html-formatter/21.3.0/html-formatter-21.3.0.jar:/Users/avishkainduwara/.m2/repository/io/cucumber/junit-xml-formatter/0.3.0/junit-xml-formatter-0.3.0.jar:/Users/avishkainduwara/.m2/repository/io/cucumber/ci-environment/10.0.1/ci-environment-10.0.1.jar:/Users/avishkainduwara/.m2/repository/org/apiguardian/apiguardian-api/1.1.2/apiguardian-api-1.1.2.jar:/Users/avishkainduwara/.m2/repository/io/cucumber/cucumber-junit/7.16.1/cucumber-junit-7.16.1.jar:/Users/avishkainduwara/.m2/repository/junit/junit/4.13.2/junit-4.13.2.jar:/Users/avishkainduwara/.m2/repository/org/hamcrest/hamcrest-core/1.3/hamcrest-core-1.3.jar:/Users/avishkainduwara/.m2/repository/com/fasterxml/jackson/core/jackson-databind/2.17.0/jackson-databind-2.17.0.jar:/Users/avishkainduwara/.m2/repository/com/fasterxml/jackson/core/jackson-annotations/2.17.0/jackson-annotations-2.17.0.jar:/Users/avishkainduwara/.m2/repository/com/fasterxml/jackson/core/jackson-core/2.17.0/jackson-core-2.17.0.jar:/Users/avishkainduwara/.m2/repository/net/bytebuddy/byte-buddy/1.14.9/byte-buddy-1.14.9.jar:/Users/avishkainduwara/.m2/repository/org/codehaus/groovy/groovy/3.0.21/groovy-3.0.21.jar:"/>
    <property name="sun.cpu.endian" value="little"/>
    <property name="user.home" value="/Users/avishkainduwara"/>
    <property name="user.language" value="en"/>
    <property name="java.specification.vendor" value="Oracle Corporation"/>
    <property name="java.version.date" value="2024-09-17"/>
    <property name="java.home" value="/opt/homebrew/Cellar/openjdk/23/libexec/openjdk.jdk/Contents/Home"/>
    <property name="file.separator" value="/"/>
    <property name="basedir" value="/Users/avishkainduwara/Downloads/APIFramework"/>
    <property name="java.vm.compressedOopsMode" value="Zero based"/>
    <property name="line.separator" value="&#10;"/>
    <property name="java.vm.specification.vendor" value="Oracle Corporation"/>
    <property name="java.specification.name" value="Java Platform API Specification"/>
    <property name="apple.awt.application.name" value="ForkedBooter"/>
    <property name="surefire.real.class.path" value="/Users/avishkainduwara/Downloads/APIFramework/target/surefire/surefirebooter-20240925044421451_3.jar"/>
    <property name="sun.management.compiler" value="HotSpot 64-Bit Tiered Compilers"/>
    <property name="ftp.nonProxyHosts" value="local|*.local|169.254/16|*.169.254/16"/>
    <property name="java.runtime.version" value="23"/>
    <property name="user.name" value="avishkainduwara"/>
    <property name="stdout.encoding" value="UTF-8"/>
    <property name="path.separator" value=":"/>
    <property name="os.version" value="14.6.1"/>
    <property name="java.runtime.name" value="OpenJDK Runtime Environment"/>
    <property name="file.encoding" value="UTF-8"/>
    <property name="java.vm.name" value="OpenJDK 64-Bit Server VM"/>
    <property name="java.vendor.version" value="Homebrew"/>
    <property name="localRepository" value="/Users/avishkainduwara/.m2/repository"/>
    <property name="java.vendor.url.bug" value="https://github.com/Homebrew/homebrew-core/issues"/>
    <property name="java.io.tmpdir" value="/var/folders/sf/4qn608vx2xx7thbp9tt_6_cc0000gn/T/"/>
    <property name="java.version" value="23"/>
    <property name="user.dir" value="/Users/avishkainduwara/Downloads/APIFramework"/>
    <property name="os.arch" value="aarch64"/>
    <property name="java.vm.specification.name" value="Java Virtual Machine Specification"/>
    <property name="native.encoding" value="UTF-8"/>
    <property name="java.library.path" value="/Users/avishkainduwara/Library/Java/Extensions:/Library/Java/Extensions:/Network/Library/Java/Extensions:/System/Library/Java/Extensions:/usr/lib/java:."/>
    <property name="java.vm.info" value="mixed mode, sharing"/>
    <property name="stderr.encoding" value="UTF-8"/>
    <property name="java.vendor" value="Homebrew"/>
    <property name="java.vm.version" value="23"/>
    <property name="sun.io.unicode.encoding" value="UnicodeBig"/>
    <property name="socksNonProxyHosts" value="local|*.local|169.254/16|*.169.254/16"/>
    <property name="java.class.version" value="67.0"/>
  </properties>
  <testcase name="Verify if Site is created successfully using CreateSiteAPI" classname="Site API Automation" time="1.674"/>
  <testcase name="Verify if Site is fetched successfully using FetchSiteAPI" classname="Site API Automation" time="0.618">
    <system-out><![CDATA[Actual response: {"site_id":"Site 5000","client_id":"client-c7a1-e15a-a901","name":"Test Site test","createdAt":"2024-09-24T23:14:23.101Z"}
]]></system-out>
  </testcase>
  <testcase name="Verify if Site is deleted successfully using DeleteSiteAPI" classname="Site API Automation" time="0.671"/>
</testsuite>